<?xml version="1.0" encoding="UTF-8"?>
<!-- Generated by org.testng.reporters.JUnitXMLReporter -->
<testsuite ignored="0" hostname="LAPTOP-PHMOQR85" failures="1" tests="1" name="TestProject" time="0.042" errors="0" timestamp="2023-03-16T14:56:34 IST">
  <testcase classname="com.suite.OmayoSuite" name="testOmayoTable" time="0.009">
    <failure type="java.lang.NullPointerException" message="Cannot invoke &amp;quot;org.openqa.selenium.WebDriver.findElements(org.openqa.selenium.By)&amp;quot; because &amp;quot;com.framework.Browser.driver&amp;quot; is null">
      <![CDATA[java.lang.NullPointerException: Cannot invoke "org.openqa.selenium.WebDriver.findElements(org.openqa.selenium.By)" because "com.framework.Browser.driver" is null
at com.framework.Browser.findelementsFramework(Browser.java:73)
at com.pages.OmayoPage.readTabledata(OmayoPage.java:41)
at com.suite.OmayoSuite.testOmayoTable(OmayoSuite.java:13)
at java.base/java.util.ArrayList.forEach(ArrayList.java:1511)
... Removed 27 stack frames]]>
    </failure>
  </testcase> <!-- testOmayoTable -->
</testsuite> <!-- TestProject -->
